<?xml version="1.0" encoding="UTF-8"?>
<testng-results ignored="0" total="4" passed="4" failed="0" skipped="0">
  <reporter-output>
    <line>
      <![CDATA[The URL opened is https://www.goindigo.in/?linkNav=home_header]]>
    </line>
    <line>
      <![CDATA[Entered the Key at Locator  name:or-src]]>
    </line>
    <line>
      <![CDATA[Entered the Key at Locator  name:or-src]]>
    </line>
    <line>
      <![CDATA[Entered the Key at Locator  name:or-src]]>
    </line>
    <line>
      <![CDATA[Entered the Key at Locator  name:or-src]]>
    </line>
    <line>
      <![CDATA[Entered the Key at Locator  name:or-src]]>
    </line>
    <line>
      <![CDATA[Entered the Key at Locator  name:or-src]]>
    </line>
    <line>
      <![CDATA[Entered the Key at Locator  name:or-src]]>
    </line>
    <line>
      <![CDATA[Entered the Key at Locator  name:or-src]]>
    </line>
    <line>
      <![CDATA[Entered the Key at Locator  name:or-src]]>
    </line>
    <line>
      <![CDATA[Entered the Key at Locator  name:or-src]]>
    </line>
    <line>
      <![CDATA[Entered the Key at Locator  name:or-src]]>
    </line>
    <line>
      <![CDATA[Entered the Key at Locator  name:or-src]]>
    </line>
    <line>
      <![CDATA[Entered the Key at Locator  name:or-src]]>
    </line>
    <line>
      <![CDATA[Entered the Key at Locator  name:or-src]]>
    </line>
    <line>
      <![CDATA[Entered the Key at Locator  name:or-src]]>
    </line>
    <line>
      <![CDATA[Entered the value at Locator  name:or-src]]>
    </line>
    <line>
      <![CDATA[Entered the Key at Locator  name:or-src]]>
    </line>
    <line>
      <![CDATA[Entered the value at Locator  name:or-dest]]>
    </line>
    <line>
      <![CDATA[Entered the Key at Locator  name:or-dest]]>
    </line>
    <line>
      <![CDATA[Element clicked at Locator  xpath://*[starts-with(@id,'dp15')]/div/div[2]/div/a/span]]>
    </line>
    <line>
      <![CDATA[Fetched the value from Locator  xpath://*[starts-with(@id,'dp15')]/div/div[2]/div/div/span[1]]]>
    </line>
    <line>
      <![CDATA[Element clicked at Locator  xpath://*[starts-with(@id,'dp15')]/div/div[2]/div/a/span]]>
    </line>
    <line>
      <![CDATA[Fetched the value from Locator  xpath://*[starts-with(@id,'dp15')]/div/div[2]/div/div/span[1]]]>
    </line>
    <line>
      <![CDATA[Element clicked at Locator  xpath://*[starts-with(@id,'dp15')]/div/div[2]/div/a/span]]>
    </line>
    <line>
      <![CDATA[Fetched the value from Locator  xpath://*[starts-with(@id,'dp15')]/div/div[2]/div/div/span[1]]]>
    </line>
    <line>
      <![CDATA[Fetched the value from Locator  xpath://*[starts-with(@id,'dp15')]/div/div[2]/div/div/span[2]]]>
    </line>
    <line>
      <![CDATA[Element clicked at Locator  xpath://*[@id='bookFlightTab']/form/div[7]/div[6]/button/span[1]]]>
    </line>
    <line>
      <![CDATA[Fetched the value from Locator  xpath://*[@id='bookingWidgetContainer']/div/div/div/div[2]/div[3]/div/div[1]/span]]>
    </line>
    <line>
      <![CDATA[Element clicked at Locator  linktext:Contact us]]>
    </line>
    <line>
      <![CDATA[Switched to the window id  1]]>
    </line>
    <line>
      <![CDATA[Fetched the value from Locator  xpath:/html/body/div[6]/div[1]/div[1]/div/div[1]/div/div[1]/p[1]]]>
    </line>
    <line>
      <![CDATA[Hovered the value at Locator  linktext:Manage]]>
    </line>
    <line>
      <![CDATA[Hovered and clicked the value at Locator  linktext:Lounge Services]]>
    </line>
    <line>
      <![CDATA[Entered the value at Locator  xpath://a[starts-with(@class,'ac_closed acc-lnk panel-title collapsed counterdisplay')]]]>
    </line>
    <line>
      <![CDATA[Closed the browser  ]]>
    </line>
  </reporter-output>
  <suite started-at="2019-09-14T15:25:55Z" name="Suite" finished-at="2019-09-14T15:26:33Z" duration-ms="38218">
    <groups>
    </groups>
    <test started-at="2019-09-14T15:25:55Z" name="Test" finished-at="2019-09-14T15:26:33Z" duration-ms="38218">
      <class name="mainScript.DriverScript">
        <test-method signature="tc01()[pri:1, instance:mainScript.DriverScript@495fac5f]" started-at="2019-09-14T15:25:55Z" name="tc01" finished-at="2019-09-14T15:26:24Z" duration-ms="28657" status="PASS">
          <reporter-output>
            <line>
              <![CDATA[The URL opened is https://www.goindigo.in/?linkNav=home_header]]>
            </line>
            <line>
              <![CDATA[Entered the Key at Locator  name:or-src]]>
            </line>
            <line>
              <![CDATA[Entered the Key at Locator  name:or-src]]>
            </line>
            <line>
              <![CDATA[Entered the Key at Locator  name:or-src]]>
            </line>
            <line>
              <![CDATA[Entered the Key at Locator  name:or-src]]>
            </line>
            <line>
              <![CDATA[Entered the Key at Locator  name:or-src]]>
            </line>
            <line>
              <![CDATA[Entered the Key at Locator  name:or-src]]>
            </line>
            <line>
              <![CDATA[Entered the Key at Locator  name:or-src]]>
            </line>
            <line>
              <![CDATA[Entered the Key at Locator  name:or-src]]>
            </line>
            <line>
              <![CDATA[Entered the Key at Locator  name:or-src]]>
            </line>
            <line>
              <![CDATA[Entered the Key at Locator  name:or-src]]>
            </line>
            <line>
              <![CDATA[Entered the Key at Locator  name:or-src]]>
            </line>
            <line>
              <![CDATA[Entered the Key at Locator  name:or-src]]>
            </line>
            <line>
              <![CDATA[Entered the Key at Locator  name:or-src]]>
            </line>
            <line>
              <![CDATA[Entered the Key at Locator  name:or-src]]>
            </line>
            <line>
              <![CDATA[Entered the Key at Locator  name:or-src]]>
            </line>
            <line>
              <![CDATA[Entered the value at Locator  name:or-src]]>
            </line>
            <line>
              <![CDATA[Entered the Key at Locator  name:or-src]]>
            </line>
            <line>
              <![CDATA[Entered the value at Locator  name:or-dest]]>
            </line>
            <line>
              <![CDATA[Entered the Key at Locator  name:or-dest]]>
            </line>
            <line>
              <![CDATA[Element clicked at Locator  xpath://*[starts-with(@id,'dp15')]/div/div[2]/div/a/span]]>
            </line>
            <line>
              <![CDATA[Fetched the value from Locator  xpath://*[starts-with(@id,'dp15')]/div/div[2]/div/div/span[1]]]>
            </line>
            <line>
              <![CDATA[Element clicked at Locator  xpath://*[starts-with(@id,'dp15')]/div/div[2]/div/a/span]]>
            </line>
            <line>
              <![CDATA[Fetched the value from Locator  xpath://*[starts-with(@id,'dp15')]/div/div[2]/div/div/span[1]]]>
            </line>
            <line>
              <![CDATA[Element clicked at Locator  xpath://*[starts-with(@id,'dp15')]/div/div[2]/div/a/span]]>
            </line>
            <line>
              <![CDATA[Fetched the value from Locator  xpath://*[starts-with(@id,'dp15')]/div/div[2]/div/div/span[1]]]>
            </line>
            <line>
              <![CDATA[Fetched the value from Locator  xpath://*[starts-with(@id,'dp15')]/div/div[2]/div/div/span[2]]]>
            </line>
            <line>
              <![CDATA[Element clicked at Locator  xpath://*[@id='bookFlightTab']/form/div[7]/div[6]/button/span[1]]]>
            </line>
          </reporter-output>
        </test-method> <!-- tc01 -->
        <test-method signature="tc02()[pri:2, instance:mainScript.DriverScript@495fac5f]" started-at="2019-09-14T15:26:24Z" name="tc02" finished-at="2019-09-14T15:26:24Z" duration-ms="196" status="PASS">
          <reporter-output>
            <line>
              <![CDATA[Fetched the value from Locator  xpath://*[@id='bookingWidgetContainer']/div/div/div/div[2]/div[3]/div/div[1]/span]]>
            </line>
          </reporter-output>
        </test-method> <!-- tc02 -->
        <test-method signature="tc03()[pri:3, instance:mainScript.DriverScript@495fac5f]" started-at="2019-09-14T15:26:24Z" name="tc03" finished-at="2019-09-14T15:26:29Z" duration-ms="5469" status="PASS">
          <reporter-output>
            <line>
              <![CDATA[Element clicked at Locator  linktext:Contact us]]>
            </line>
            <line>
              <![CDATA[Switched to the window id  1]]>
            </line>
            <line>
              <![CDATA[Fetched the value from Locator  xpath:/html/body/div[6]/div[1]/div[1]/div/div[1]/div/div[1]/p[1]]]>
            </line>
          </reporter-output>
        </test-method> <!-- tc03 -->
        <test-method signature="tc04()[pri:4, instance:mainScript.DriverScript@495fac5f]" started-at="2019-09-14T15:26:29Z" name="tc04" finished-at="2019-09-14T15:26:33Z" duration-ms="3870" status="PASS">
          <reporter-output>
            <line>
              <![CDATA[Hovered the value at Locator  linktext:Manage]]>
            </line>
            <line>
              <![CDATA[Hovered and clicked the value at Locator  linktext:Lounge Services]]>
            </line>
            <line>
              <![CDATA[Entered the value at Locator  xpath://a[starts-with(@class,'ac_closed acc-lnk panel-title collapsed counterdisplay')]]]>
            </line>
            <line>
              <![CDATA[Closed the browser  ]]>
            </line>
          </reporter-output>
        </test-method> <!-- tc04 -->
      </class> <!-- mainScript.DriverScript -->
    </test> <!-- Test -->
  </suite> <!-- Suite -->
</testng-results>
