<?xml version="1.0" encoding="UTF-8"?>
<!-- Generated by org.testng.reporters.JUnitXMLReporter -->
<testsuite ignored="0" hostname="AAPCLW10-1670" failures="0" tests="4" name="Test" time="38.218" errors="0" timestamp="14 Sep 2019 15:26:33 GMT">
  <testcase classname="mainScript.DriverScript" name="tc01" time="28.657"/>
  <testcase classname="mainScript.DriverScript" name="tc02" time="0.196"/>
  <testcase classname="mainScript.DriverScript" name="tc03" time="5.469"/>
  <testcase classname="mainScript.DriverScript" name="tc04" time="3.87"/>
</testsuite> <!-- Test -->
